<?xml version="1.0" encoding="UTF-8"?>
<!-- Generated by org.testng.reporters.JUnitXMLReporter -->
<testsuite ignored="2" hostname="Diana-PC" failures="0" tests="3" name="Surefire test" time="32.054" errors="0" timestamp="2020-02-03T14:18:23 EET">
  <testcase classname="TestCases.TestCases" name="start" time="18.066"/>
  <testcase classname="TestCases.TestCases" name="searchProduct" time="1.838"/>
  <testcase classname="TestCases.TestCases" name="sorting" time="1.632"/>
  <testcase classname="TestCases.BaseTest" name="@AfterTest quit" time="0.0">
    <ignored/>
  </testcase> <!-- @AfterTest quit -->
  <testcase classname="TestCases.BaseTest" name="@BeforeTest setUP" time="0.0">
    <ignored/>
  </testcase> <!-- @BeforeTest setUP -->
</testsuite> <!-- Surefire test -->
