<?xml version="1.0" encoding="UTF-8"?>
<testsuite xmlns:xsi="http://www.w3.org/2001/XMLSchema-instance" xsi:noNamespaceSchemaLocation="https://maven.apache.org/surefire/maven-surefire-plugin/xsd/surefire-test-report.xsd" name="TestSuite" time="33.047" tests="3" errors="0" skipped="0" failures="0">
  <properties>
[...]
</properties>
  <testcase name="start" classname="TestCases.TestCases" time="18.056"/>
  <testcase name="searchProduct" classname="TestCases.TestCases" time="1.84"/>
  <testcase name="sorting" classname="TestCases.TestCases" time="1.787"/>
</testsuite>